<?xml version="1.0" encoding="UTF-8"?>
<testsuite xmlns:xsi="http://www.w3.org/2001/XMLSchema-instance" xsi:noNamespaceSchemaLocation="https://maven.apache.org/surefire/maven-surefire-plugin/xsd/surefire-test-report-3.0.xsd" version="3.0" name="com.company.inventory.InventorySp3ApplicationTests" time="9.734" tests="1" errors="0" skipped="0" failures="0">
  <properties>
[...]
</properties>
  <testcase name="contextLoads" classname="com.company.inventory.InventorySp3ApplicationTests" time="0.431">
    <system-out><![CDATA[14:48:49.566 [main] INFO org.springframework.test.context.support.AnnotationConfigContextLoaderUtils -- Could not detect default configuration classes for test class [com.company.inventory.InventorySp3ApplicationTests]: InventorySp3ApplicationTests does not declare any static, non-private, non-final, nested classes annotated with @Configuration.
14:48:49.631 [main] INFO org.springframework.boot.test.context.SpringBootTestContextBootstrapper -- Found @SpringBootConfiguration com.company.inventory.InventorySp3Application for test class com.company.inventory.InventorySp3ApplicationTests

  .   ____          _            __ _ _
 /\\ / ___'_ __ _ _(_)_ __  __ _ \ \ \ \
( ( )\___ | '_ | '_| | '_ \/ _` | \ \ \ \
 \\/  ___)| |_)| | | | | || (_| |  ) ) ) )
  '  |____| .__|_| |_|_| |_\__, | / / / /
 =========|_|==============|___/=/_/_/_/
 :: Spring Boot ::                (v3.1.0)

2025-05-20T14:48:50.007-04:00  INFO 7800 --- [           main] c.c.i.InventorySp3ApplicationTests       : Starting InventorySp3ApplicationTests using Java 17.0.0.1 with PID 7800 (started by jonat in C:\Users\jonat\Downloads\inventory-sp3)
2025-05-20T14:48:50.010-04:00  INFO 7800 --- [           main] c.c.i.InventorySp3ApplicationTests       : No active profile set, falling back to 1 default profile: "default"
2025-05-20T14:48:50.504-04:00  INFO 7800 --- [           main] .s.d.r.c.RepositoryConfigurationDelegate : Bootstrapping Spring Data JPA repositories in DEFAULT mode.
2025-05-20T14:48:50.549-04:00  INFO 7800 --- [           main] .s.d.r.c.RepositoryConfigurationDelegate : Finished Spring Data repository scanning in 41 ms. Found 2 JPA repository interfaces.
2025-05-20T14:48:51.099-04:00  INFO 7800 --- [           main] o.hibernate.jpa.internal.util.LogHelper  : HHH000204: Processing PersistenceUnitInfo [name: default]
2025-05-20T14:48:51.209-04:00  INFO 7800 --- [           main] org.hibernate.Version                    : HHH000412: Hibernate ORM core version 6.2.2.Final
2025-05-20T14:48:51.210-04:00  INFO 7800 --- [           main] org.hibernate.cfg.Environment            : HHH000406: Using bytecode reflection optimizer
2025-05-20T14:48:51.358-04:00  INFO 7800 --- [           main] o.h.b.i.BytecodeProviderInitiator        : HHH000021: Bytecode provider name : bytebuddy
2025-05-20T14:48:51.499-04:00  INFO 7800 --- [           main] o.s.o.j.p.SpringPersistenceUnitInfo      : No LoadTimeWeaver setup: ignoring JPA class transformer
2025-05-20T14:48:51.515-04:00  INFO 7800 --- [           main] com.zaxxer.hikari.HikariDataSource       : HikariPool-1 - Starting...
2025-05-20T14:48:53.968-04:00  INFO 7800 --- [           main] com.zaxxer.hikari.pool.HikariPool        : HikariPool-1 - Added connection com.mysql.cj.jdbc.ConnectionImpl@7e58f697
2025-05-20T14:48:53.970-04:00  INFO 7800 --- [           main] com.zaxxer.hikari.HikariDataSource       : HikariPool-1 - Start completed.
2025-05-20T14:48:54.181-04:00  INFO 7800 --- [           main] org.hibernate.orm.dialect                : HHH035001: Using dialect: org.hibernate.dialect.MySQL57Dialect, version: 5.7
2025-05-20T14:48:54.182-04:00  WARN 7800 --- [           main] org.hibernate.orm.deprecation            : HHH90000026: MySQL57Dialect has been deprecated; use org.hibernate.dialect.MySQLDialect instead
2025-05-20T14:48:54.326-04:00  INFO 7800 --- [           main] o.h.b.i.BytecodeProviderInitiator        : HHH000021: Bytecode provider name : bytebuddy
2025-05-20T14:48:54.732-04:00  INFO 7800 --- [           main] o.h.e.t.j.p.i.JtaPlatformInitiator       : HHH000490: Using JtaPlatform implementation: [org.hibernate.engine.transaction.jta.platform.internal.NoJtaPlatform]
2025-05-20T14:48:54.742-04:00 DEBUG 7800 --- [           main] org.hibernate.SQL                        : alter table product drop foreign key FK1mtsbur82frn64de7balymq9s
2025-05-20T14:48:55.286-04:00 DEBUG 7800 --- [           main] org.hibernate.SQL                        : drop table if exists category
2025-05-20T14:48:55.626-04:00 DEBUG 7800 --- [           main] org.hibernate.SQL                        : drop table if exists product
2025-05-20T14:48:55.959-04:00 DEBUG 7800 --- [           main] org.hibernate.SQL                        : create table category (id bigint not null auto_increment, description varchar(255), name varchar(255), primary key (id)) engine=InnoDB
2025-05-20T14:48:56.306-04:00 DEBUG 7800 --- [           main] org.hibernate.SQL                        : create table product (account integer not null, price integer not null, category_id bigint, id bigint not null auto_increment, name varchar(255), picture longblob, primary key (id)) engine=InnoDB
2025-05-20T14:48:56.655-04:00 DEBUG 7800 --- [           main] org.hibernate.SQL                        : alter table product add constraint FK1mtsbur82frn64de7balymq9s foreign key (category_id) references category (id)
2025-05-20T14:48:57.047-04:00  INFO 7800 --- [           main] o.h.t.s.i.e.GenerationTargetToDatabase   : HHH000476: Executing script '[injected ScriptSourceInputNonExistentImpl script]'
2025-05-20T14:48:57.049-04:00  INFO 7800 --- [           main] j.LocalContainerEntityManagerFactoryBean : Initialized JPA EntityManagerFactory for persistence unit 'default'
2025-05-20T14:48:57.401-04:00  INFO 7800 --- [           main] o.s.d.j.r.query.QueryEnhancerFactory     : Hibernate is in classpath; If applicable, HQL parser will be used.
2025-05-20T14:48:58.106-04:00  WARN 7800 --- [           main] JpaBaseConfiguration$JpaWebConfiguration : spring.jpa.open-in-view is enabled by default. Therefore, database queries may be performed during view rendering. Explicitly configure spring.jpa.open-in-view to disable this warning
2025-05-20T14:48:58.698-04:00  INFO 7800 --- [           main] c.c.i.InventorySp3ApplicationTests       : Started InventorySp3ApplicationTests in 8.946 seconds (process running for 9.601)
]]></system-out>
  </testcase>
</testsuite>